# JRE version: OpenJDK Runtime Environment (17.0.6) (build 17.0.6+0-b2043.56-10027231)
# Java VM: OpenJDK 64-Bit Server VM (17.0.6+0-b2043.56-10027231, mixed mode, tiered, compressed oops, compressed class ptrs, g1 gc, windows-amd64)
GC Precious Log:
 CPUs: 8 total, 8 available
 Memory: 16126M
 Large Page Support: Disabled
 NUMA Support: Disabled
 Compressed Oops: Enabled (32-bit)
 Heap Region Size: 1M
 Heap Min Capacity: 8M
 Heap Initial Capacity: 252M
 Heap Max Capacity: 2G
 Pre-touch: Disabled
 Parallel Workers: 8
 Concurrent Workers: 2
 Concurrent Refinement Workers: 8
 Periodic GC: Disabled
Heap:
 garbage-first heap   total 445440K, used 352080K [0x0000000080000000, 0x0000000100000000)
  region size 1024K, 121 young (123904K), 7 survivors (7168K)
 Metaspace       used 177635K, committed 178496K, reserved 1204224K
  class space    used 23610K, committed 24000K, reserved 1048576K
GC Heap History (20 events):
Event: 20.647 GC heap before
{Heap before GC invocations=53 (full 0):
 garbage-first heap   total 359424K, used 291668K [0x0000000080000000, 0x0000000100000000)
  region size 1024K, 145 young (148480K), 15 survivors (15360K)
 Metaspace       used 157028K, committed 157888K, reserved 1187840K
  class space    used 20631K, committed 21056K, reserved 1048576K
}
Event: 20.660 GC heap after
{Heap after GC invocations=54 (full 0):
 garbage-first heap   total 359424K, used 165122K [0x0000000080000000, 0x0000000100000000)
  region size 1024K, 14 young (14336K), 14 survivors (14336K)
 Metaspace       used 157028K, committed 157888K, reserved 1187840K
  class space    used 20631K, committed 21056K, reserved 1048576K
}
Event: 21.678 GC heap before
{Heap before GC invocations=54 (full 0):
 garbage-first heap   total 359424K, used 296194K [0x0000000080000000, 0x0000000100000000)
  region size 1024K, 141 young (144384K), 14 survivors (14336K)
 Metaspace       used 160069K, committed 160960K, reserved 1196032K
  class space    used 20922K, committed 21376K, reserved 1048576K
}
Event: 21.688 GC heap after
{Heap after GC invocations=55 (full 0):
 garbage-first heap   total 359424K, used 163099K [0x0000000080000000, 0x0000000100000000)
  region size 1024K, 4 young (4096K), 4 survivors (4096K)
 Metaspace       used 160069K, committed 160960K, reserved 1196032K
  class space    used 20922K, committed 21376K, reserved 1048576K
}
Event: 23.042 GC heap before
{Heap before GC invocations=55 (full 0):
 garbage-first heap   total 359424K, used 297242K [0x0000000080000000, 0x0000000100000000)
  region size 1024K, 136 young (139264K), 4 survivors (4096K)
 Metaspace       used 165850K, committed 166784K, reserved 1196032K
  class space    used 21738K, committed 22144K, reserved 1048576K
}
Event: 23.055 GC heap after
{Heap after GC invocations=56 (full 0):
 garbage-first heap   total 359424K, used 179905K [0x0000000080000000, 0x0000000100000000)
  region size 1024K, 17 young (17408K), 17 survivors (17408K)
 Metaspace       used 165850K, committed 166784K, reserved 1196032K
  class space    used 21738K, committed 22144K, reserved 1048576K
}
Event: 23.469 GC heap before
{Heap before GC invocations=56 (full 0):
 garbage-first heap   total 359424K, used 291521K [0x0000000080000000, 0x0000000100000000)
  region size 1024K, 127 young (130048K), 17 survivors (17408K)
 Metaspace       used 169750K, committed 170688K, reserved 1204224K
  class space    used 22336K, committed 22784K, reserved 1048576K
}
Event: 23.495 GC heap after
{Heap after GC invocations=57 (full 0):
 garbage-first heap   total 359424K, used 199080K [0x0000000080000000, 0x0000000100000000)
  region size 1024K, 16 young (16384K), 16 survivors (16384K)
 Metaspace       used 169750K, committed 170688K, reserved 1204224K
  class space    used 22336K, committed 22784K, reserved 1048576K
}
Event: 23.605 GC heap before
{Heap before GC invocations=57 (full 0):
 garbage-first heap   total 359424K, used 291240K [0x0000000080000000, 0x0000000100000000)
  region size 1024K, 106 young (108544K), 16 survivors (16384K)
 Metaspace       used 170614K, committed 171520K, reserved 1204224K
  class space    used 22496K, committed 22912K, reserved 1048576K
}
Event: 23.632 GC heap after
{Heap after GC invocations=58 (full 0):
 garbage-first heap   total 359424K, used 214739K [0x0000000080000000, 0x0000000100000000)
  region size 1024K, 14 young (14336K), 14 survivors (14336K)
 Metaspace       used 170614K, committed 171520K, reserved 1204224K
  class space    used 22496K, committed 22912K, reserved 1048576K
}
Event: 24.049 GC heap before
{Heap before GC invocations=59 (full 0):
 garbage-first heap   total 445440K, used 293587K [0x0000000080000000, 0x0000000100000000)
  region size 1024K, 91 young (93184K), 14 survivors (14336K)
 Metaspace       used 173056K, committed 173952K, reserved 1204224K
  class space    used 22977K, committed 23360K, reserved 1048576K
}
Event: 24.077 GC heap after
{Heap after GC invocations=60 (full 0):
 garbage-first heap   total 445440K, used 227435K [0x0000000080000000, 0x0000000100000000)
  region size 1024K, 12 young (12288K), 12 survivors (12288K)
 Metaspace       used 173056K, committed 173952K, reserved 1204224K
  class space    used 22977K, committed 23360K, reserved 1048576K
}
Event: 24.169 GC heap before
{Heap before GC invocations=60 (full 0):
 garbage-first heap   total 445440K, used 236651K [0x0000000080000000, 0x0000000100000000)
  region size 1024K, 21 young (21504K), 12 survivors (12288K)
 Metaspace       used 173660K, committed 174592K, reserved 1204224K
  class space    used 23086K, committed 23488K, reserved 1048576K
}
Event: 24.185 GC heap after
{Heap after GC invocations=61 (full 0):
 garbage-first heap   total 445440K, used 224256K [0x0000000080000000, 0x0000000100000000)
  region size 1024K, 2 young (2048K), 2 survivors (2048K)
 Metaspace       used 173660K, committed 174592K, reserved 1204224K
  class space    used 23086K, committed 23488K, reserved 1048576K
}
Event: 24.787 GC heap before
{Heap before GC invocations=61 (full 0):
 garbage-first heap   total 445440K, used 354304K [0x0000000080000000, 0x0000000100000000)
  region size 1024K, 129 young (132096K), 2 survivors (2048K)
 Metaspace       used 176654K, committed 177600K, reserved 1204224K
  class space    used 23488K, committed 23936K, reserved 1048576K
}
Event: 24.791 GC heap after
{Heap after GC invocations=62 (full 0):
 garbage-first heap   total 445440K, used 224572K [0x0000000080000000, 0x0000000100000000)
  region size 1024K, 3 young (3072K), 3 survivors (3072K)
 Metaspace       used 176654K, committed 177600K, reserved 1204224K
  class space    used 23488K, committed 23936K, reserved 1048576K
}
Event: 25.233 GC heap before
{Heap before GC invocations=62 (full 0):
 garbage-first heap   total 445440K, used 359740K [0x0000000080000000, 0x0000000100000000)
  region size 1024K, 135 young (138240K), 3 survivors (3072K)
 Metaspace       used 177323K, committed 178240K, reserved 1204224K
  class space    used 23595K, committed 24000K, reserved 1048576K
}
Event: 25.240 GC heap after
{Heap after GC invocations=63 (full 0):
 garbage-first heap   total 445440K, used 233463K [0x0000000080000000, 0x0000000100000000)
  region size 1024K, 11 young (11264K), 11 survivors (11264K)
 Metaspace       used 177323K, committed 178240K, reserved 1204224K
  class space    used 23595K, committed 24000K, reserved 1048576K
}
Event: 25.654 GC heap before
{Heap before GC invocations=63 (full 0):
 garbage-first heap   total 445440K, used 363511K [0x0000000080000000, 0x0000000100000000)
  region size 1024K, 139 young (142336K), 11 survivors (11264K)
 Metaspace       used 177389K, committed 178304K, reserved 1204224K
  class space    used 23599K, committed 24000K, reserved 1048576K
}
Event: 25.667 GC heap after
{Heap after GC invocations=64 (full 0):
 garbage-first heap   total 445440K, used 236368K [0x0000000080000000, 0x0000000100000000)
  region size 1024K, 7 young (7168K), 7 survivors (7168K)
 Metaspace       used 177389K, committed 178304K, reserved 1204224K
  class space    used 23599K, committed 24000K, reserved 1048576K
}

