# JRE version: OpenJDK Runtime Environment (17.0.6) (build 17.0.6+0-b2043.56-10027231)
# Java VM: OpenJDK 64-Bit Server VM (17.0.6+0-b2043.56-10027231, mixed mode, tiered, compressed oops, compressed class ptrs, g1 gc, windows-amd64)
GC Precious Log:
 CPUs: 8 total, 8 available
 Memory: 16126M
 Large Page Support: Disabled
 NUMA Support: Disabled
 Compressed Oops: Enabled (32-bit)
 Heap Region Size: 1M
 Heap Min Capacity: 8M
 Heap Initial Capacity: 252M
 Heap Max Capacity: 2G
 Pre-touch: Disabled
 Parallel Workers: 8
 Concurrent Workers: 2
 Concurrent Refinement Workers: 8
 Periodic GC: Disabled
Heap:
 garbage-first heap   total 214016K, used 170344K [0x0000000080000000, 0x0000000100000000)
  region size 1024K, 61 young (62464K), 5 survivors (5120K)
 Metaspace       used 129142K, committed 129792K, reserved 1163264K
  class space    used 16637K, committed 16960K, reserved 1048576K
GC Heap History (20 events):
Event: 10.705 GC heap before
{Heap before GC invocations=34 (full 0):
 garbage-first heap   total 128000K, used 108608K [0x0000000080000000, 0x0000000100000000)
  region size 1024K, 42 young (43008K), 3 survivors (3072K)
 Metaspace       used 86722K, committed 87424K, reserved 1130496K
  class space    used 11916K, committed 12224K, reserved 1048576K
}
Event: 10.715 GC heap after
{Heap after GC invocations=35 (full 0):
 garbage-first heap   total 128000K, used 74057K [0x0000000080000000, 0x0000000100000000)
  region size 1024K, 6 young (6144K), 6 survivors (6144K)
 Metaspace       used 86722K, committed 87424K, reserved 1130496K
  class space    used 11916K, committed 12224K, reserved 1048576K
}
Event: 10.890 GC heap before
{Heap before GC invocations=35 (full 0):
 garbage-first heap   total 128000K, used 99657K [0x0000000080000000, 0x0000000100000000)
  region size 1024K, 32 young (32768K), 6 survivors (6144K)
 Metaspace       used 86970K, committed 87552K, reserved 1130496K
  class space    used 11941K, committed 12224K, reserved 1048576K
}
Event: 10.900 GC heap after
{Heap after GC invocations=36 (full 0):
 garbage-first heap   total 128000K, used 81587K [0x0000000080000000, 0x0000000100000000)
  region size 1024K, 4 young (4096K), 4 survivors (4096K)
 Metaspace       used 86970K, committed 87552K, reserved 1130496K
  class space    used 11941K, committed 12224K, reserved 1048576K
}
Event: 11.142 GC heap before
{Heap before GC invocations=37 (full 0):
 garbage-first heap   total 147456K, used 101043K [0x0000000080000000, 0x0000000100000000)
  region size 1024K, 23 young (23552K), 4 survivors (4096K)
 Metaspace       used 89612K, committed 90176K, reserved 1130496K
  class space    used 12267K, committed 12544K, reserved 1048576K
}
Event: 11.146 GC heap after
{Heap after GC invocations=38 (full 0):
 garbage-first heap   total 147456K, used 83531K [0x0000000080000000, 0x0000000100000000)
  region size 1024K, 2 young (2048K), 2 survivors (2048K)
 Metaspace       used 89612K, committed 90176K, reserved 1130496K
  class space    used 12267K, committed 12544K, reserved 1048576K
}
Event: 11.284 GC heap before
{Heap before GC invocations=38 (full 0):
 garbage-first heap   total 147456K, used 94795K [0x0000000080000000, 0x0000000100000000)
  region size 1024K, 14 young (14336K), 2 survivors (2048K)
 Metaspace       used 90967K, committed 91584K, reserved 1130496K
  class space    used 12418K, committed 12736K, reserved 1048576K
}
Event: 11.286 GC heap after
{Heap after GC invocations=39 (full 0):
 garbage-first heap   total 147456K, used 84446K [0x0000000080000000, 0x0000000100000000)
  region size 1024K, 3 young (3072K), 3 survivors (3072K)
 Metaspace       used 90967K, committed 91584K, reserved 1130496K
  class space    used 12418K, committed 12736K, reserved 1048576K
}
Event: 11.669 GC heap before
{Heap before GC invocations=40 (full 0):
 garbage-first heap   total 162816K, used 123358K [0x0000000080000000, 0x0000000100000000)
  region size 1024K, 35 young (35840K), 3 survivors (3072K)
 Metaspace       used 94613K, committed 95296K, reserved 1138688K
  class space    used 12783K, committed 13120K, reserved 1048576K
}
Event: 11.675 GC heap after
{Heap after GC invocations=41 (full 0):
 garbage-first heap   total 214016K, used 94491K [0x0000000080000000, 0x0000000100000000)
  region size 1024K, 5 young (5120K), 5 survivors (5120K)
 Metaspace       used 94613K, committed 95296K, reserved 1138688K
  class space    used 12783K, committed 13120K, reserved 1048576K
}
Event: 11.728 GC heap before
{Heap before GC invocations=41 (full 0):
 garbage-first heap   total 214016K, used 99611K [0x0000000080000000, 0x0000000100000000)
  region size 1024K, 10 young (10240K), 5 survivors (5120K)
 Metaspace       used 95445K, committed 96064K, reserved 1138688K
  class space    used 12829K, committed 13120K, reserved 1048576K
}
Event: 11.732 GC heap after
{Heap after GC invocations=42 (full 0):
 garbage-first heap   total 214016K, used 95303K [0x0000000080000000, 0x0000000100000000)
  region size 1024K, 1 young (1024K), 1 survivors (1024K)
 Metaspace       used 95445K, committed 96064K, reserved 1138688K
  class space    used 12829K, committed 13120K, reserved 1048576K
}
Event: 12.471 GC heap before
{Heap before GC invocations=42 (full 0):
 garbage-first heap   total 214016K, used 155719K [0x0000000080000000, 0x0000000100000000)
  region size 1024K, 60 young (61440K), 1 survivors (1024K)
 Metaspace       used 103990K, committed 104640K, reserved 1146880K
  class space    used 13860K, committed 14144K, reserved 1048576K
}
Event: 12.475 GC heap after
{Heap after GC invocations=43 (full 0):
 garbage-first heap   total 214016K, used 98870K [0x0000000080000000, 0x0000000100000000)
  region size 1024K, 5 young (5120K), 5 survivors (5120K)
 Metaspace       used 103990K, committed 104640K, reserved 1146880K
  class space    used 13860K, committed 14144K, reserved 1048576K
}
Event: 13.238 GC heap before
{Heap before GC invocations=43 (full 0):
 garbage-first heap   total 214016K, used 166454K [0x0000000080000000, 0x0000000100000000)
  region size 1024K, 70 young (71680K), 5 survivors (5120K)
 Metaspace       used 107463K, committed 108096K, reserved 1146880K
  class space    used 14243K, committed 14528K, reserved 1048576K
}
Event: 13.247 GC heap after
{Heap after GC invocations=44 (full 0):
 garbage-first heap   total 214016K, used 103465K [0x0000000080000000, 0x0000000100000000)
  region size 1024K, 9 young (9216K), 9 survivors (9216K)
 Metaspace       used 107463K, committed 108096K, reserved 1146880K
  class space    used 14243K, committed 14528K, reserved 1048576K
}
Event: 14.309 GC heap before
{Heap before GC invocations=44 (full 0):
 garbage-first heap   total 214016K, used 170025K [0x0000000080000000, 0x0000000100000000)
  region size 1024K, 74 young (75776K), 9 survivors (9216K)
 Metaspace       used 111429K, committed 112000K, reserved 1146880K
  class space    used 14630K, committed 14912K, reserved 1048576K
}
Event: 14.318 GC heap after
{Heap after GC invocations=45 (full 0):
 garbage-first heap   total 214016K, used 109176K [0x0000000080000000, 0x0000000100000000)
  region size 1024K, 10 young (10240K), 10 survivors (10240K)
 Metaspace       used 111429K, committed 112000K, reserved 1146880K
  class space    used 14630K, committed 14912K, reserved 1048576K
}
Event: 15.260 GC heap before
{Heap before GC invocations=45 (full 0):
 garbage-first heap   total 214016K, used 172664K [0x0000000080000000, 0x0000000100000000)
  region size 1024K, 72 young (73728K), 10 survivors (10240K)
 Metaspace       used 119569K, committed 120192K, reserved 1155072K
  class space    used 15599K, committed 15872K, reserved 1048576K
}
Event: 15.270 GC heap after
{Heap after GC invocations=46 (full 0):
 garbage-first heap   total 214016K, used 114024K [0x0000000080000000, 0x0000000100000000)
  region size 1024K, 5 young (5120K), 5 survivors (5120K)
 Metaspace       used 119569K, committed 120192K, reserved 1155072K
  class space    used 15599K, committed 15872K, reserved 1048576K
}

