# JRE version: OpenJDK Runtime Environment (17.0.6) (build 17.0.6+0-b2043.56-10027231)
# Java VM: OpenJDK 64-Bit Server VM (17.0.6+0-b2043.56-10027231, mixed mode, tiered, compressed oops, compressed class ptrs, g1 gc, windows-amd64)
GC Precious Log:
 CPUs: 8 total, 8 available
 Memory: 16126M
 Large Page Support: Disabled
 NUMA Support: Disabled
 Compressed Oops: Enabled (32-bit)
 Heap Region Size: 1M
 Heap Min Capacity: 8M
 Heap Initial Capacity: 252M
 Heap Max Capacity: 2G
 Pre-touch: Disabled
 Parallel Workers: 8
 Concurrent Workers: 2
 Concurrent Refinement Workers: 8
 Periodic GC: Disabled
Heap:
 garbage-first heap   total 188416K, used 149206K [0x0000000080000000, 0x0000000100000000)
  region size 1024K, 62 young (63488K), 3 survivors (3072K)
 Metaspace       used 110975K, committed 111744K, reserved 1146880K
  class space    used 14951K, committed 15296K, reserved 1048576K
GC Heap History (20 events):
Event: 12.637 GC heap before
{Heap before GC invocations=22 (full 0):
 garbage-first heap   total 156672K, used 124928K [0x0000000080000000, 0x0000000100000000)
  region size 1024K, 56 young (57344K), 8 survivors (8192K)
 Metaspace       used 98495K, committed 99200K, reserved 1138688K
  class space    used 13429K, committed 13760K, reserved 1048576K
}
Event: 12.646 GC heap after
{Heap after GC invocations=23 (full 0):
 garbage-first heap   total 156672K, used 82209K [0x0000000080000000, 0x0000000100000000)
  region size 1024K, 6 young (6144K), 6 survivors (6144K)
 Metaspace       used 98495K, committed 99200K, reserved 1138688K
  class space    used 13429K, committed 13760K, reserved 1048576K
}
Event: 13.493 GC heap before
{Heap before GC invocations=23 (full 0):
 garbage-first heap   total 156672K, used 105761K [0x0000000080000000, 0x0000000100000000)
  region size 1024K, 31 young (31744K), 6 survivors (6144K)
 Metaspace       used 100423K, committed 101120K, reserved 1138688K
  class space    used 13674K, committed 14016K, reserved 1048576K
}
Event: 13.500 GC heap after
{Heap after GC invocations=24 (full 0):
 garbage-first heap   total 156672K, used 85241K [0x0000000080000000, 0x0000000100000000)
  region size 1024K, 4 young (4096K), 4 survivors (4096K)
 Metaspace       used 100423K, committed 101120K, reserved 1138688K
  class space    used 13674K, committed 14016K, reserved 1048576K
}
Event: 14.381 GC heap before
{Heap before GC invocations=25 (full 0):
 garbage-first heap   total 156672K, used 126201K [0x0000000080000000, 0x0000000100000000)
  region size 1024K, 44 young (45056K), 4 survivors (4096K)
 Metaspace       used 105663K, committed 106368K, reserved 1146880K
  class space    used 14397K, committed 14720K, reserved 1048576K
}
Event: 14.389 GC heap after
{Heap after GC invocations=26 (full 0):
 garbage-first heap   total 156672K, used 86950K [0x0000000080000000, 0x0000000100000000)
  region size 1024K, 5 young (5120K), 5 survivors (5120K)
 Metaspace       used 105663K, committed 106368K, reserved 1146880K
  class space    used 14397K, committed 14720K, reserved 1048576K
}
Event: 14.457 GC heap before
{Heap before GC invocations=26 (full 0):
 garbage-first heap   total 156672K, used 87974K [0x0000000080000000, 0x0000000100000000)
  region size 1024K, 7 young (7168K), 5 survivors (5120K)
 Metaspace       used 105764K, committed 106496K, reserved 1146880K
  class space    used 14406K, committed 14784K, reserved 1048576K
}
Event: 14.462 GC heap after
{Heap after GC invocations=27 (full 0):
 garbage-first heap   total 156672K, used 86647K [0x0000000080000000, 0x0000000100000000)
  region size 1024K, 1 young (1024K), 1 survivors (1024K)
 Metaspace       used 105764K, committed 106496K, reserved 1146880K
  class space    used 14406K, committed 14784K, reserved 1048576K
}
Event: 15.027 GC heap before
{Heap before GC invocations=27 (full 0):
 garbage-first heap   total 156672K, used 128631K [0x0000000080000000, 0x0000000100000000)
  region size 1024K, 41 young (41984K), 1 survivors (1024K)
 Metaspace       used 108725K, committed 109504K, reserved 1146880K
  class space    used 14806K, committed 15168K, reserved 1048576K
}
Event: 15.032 GC heap after
{Heap after GC invocations=28 (full 0):
 garbage-first heap   total 156672K, used 88163K [0x0000000080000000, 0x0000000100000000)
  region size 1024K, 3 young (3072K), 3 survivors (3072K)
 Metaspace       used 108725K, committed 109504K, reserved 1146880K
  class space    used 14806K, committed 15168K, reserved 1048576K
}
Event: 15.375 GC heap before
{Heap before GC invocations=29 (full 0):
 garbage-first heap   total 188416K, used 125027K [0x0000000080000000, 0x0000000100000000)
  region size 1024K, 40 young (40960K), 3 survivors (3072K)
 Metaspace       used 108947K, committed 109696K, reserved 1146880K
  class space    used 14808K, committed 15168K, reserved 1048576K
}
Event: 15.379 GC heap after
{Heap after GC invocations=30 (full 0):
 garbage-first heap   total 188416K, used 88653K [0x0000000080000000, 0x0000000100000000)
  region size 1024K, 3 young (3072K), 3 survivors (3072K)
 Metaspace       used 108947K, committed 109696K, reserved 1146880K
  class space    used 14808K, committed 15168K, reserved 1048576K
}
Event: 15.448 GC heap before
{Heap before GC invocations=30 (full 0):
 garbage-first heap   total 188416K, used 93773K [0x0000000080000000, 0x0000000100000000)
  region size 1024K, 9 young (9216K), 3 survivors (3072K)
 Metaspace       used 109138K, committed 109952K, reserved 1146880K
  class space    used 14833K, committed 15232K, reserved 1048576K
}
Event: 15.451 GC heap after
{Heap after GC invocations=31 (full 0):
 garbage-first heap   total 188416K, used 88046K [0x0000000080000000, 0x0000000100000000)
  region size 1024K, 1 young (1024K), 1 survivors (1024K)
 Metaspace       used 109138K, committed 109952K, reserved 1146880K
  class space    used 14833K, committed 15232K, reserved 1048576K
}
Event: 21.177 GC heap before
{Heap before GC invocations=31 (full 0):
 garbage-first heap   total 188416K, used 155630K [0x0000000080000000, 0x0000000100000000)
  region size 1024K, 67 young (68608K), 1 survivors (1024K)
 Metaspace       used 110892K, committed 111616K, reserved 1146880K
  class space    used 14948K, committed 15296K, reserved 1048576K
}
Event: 21.180 GC heap after
{Heap after GC invocations=32 (full 0):
 garbage-first heap   total 188416K, used 89534K [0x0000000080000000, 0x0000000100000000)
  region size 1024K, 3 young (3072K), 3 survivors (3072K)
 Metaspace       used 110892K, committed 111616K, reserved 1146880K
  class space    used 14948K, committed 15296K, reserved 1048576K
}
Event: 51.854 GC heap before
{Heap before GC invocations=32 (full 0):
 garbage-first heap   total 188416K, used 156094K [0x0000000080000000, 0x0000000100000000)
  region size 1024K, 68 young (69632K), 3 survivors (3072K)
 Metaspace       used 110956K, committed 111744K, reserved 1146880K
  class space    used 14950K, committed 15296K, reserved 1048576K
}
Event: 51.858 GC heap after
{Heap after GC invocations=33 (full 0):
 garbage-first heap   total 188416K, used 89753K [0x0000000080000000, 0x0000000100000000)
  region size 1024K, 3 young (3072K), 3 survivors (3072K)
 Metaspace       used 110956K, committed 111744K, reserved 1146880K
  class space    used 14950K, committed 15296K, reserved 1048576K
}
Event: 72.588 GC heap before
{Heap before GC invocations=33 (full 0):
 garbage-first heap   total 188416K, used 158361K [0x0000000080000000, 0x0000000100000000)
  region size 1024K, 70 young (71680K), 3 survivors (3072K)
 Metaspace       used 110965K, committed 111744K, reserved 1146880K
  class space    used 14950K, committed 15296K, reserved 1048576K
}
Event: 72.590 GC heap after
{Heap after GC invocations=34 (full 0):
 garbage-first heap   total 188416K, used 89814K [0x0000000080000000, 0x0000000100000000)
  region size 1024K, 3 young (3072K), 3 survivors (3072K)
 Metaspace       used 110965K, committed 111744K, reserved 1146880K
  class space    used 14950K, committed 15296K, reserved 1048576K
}

