# JRE version: OpenJDK Runtime Environment (17.0.6) (build 17.0.6+0-b2043.56-10027231)
# Java VM: OpenJDK 64-Bit Server VM (17.0.6+0-b2043.56-10027231, mixed mode, tiered, compressed oops, compressed class ptrs, g1 gc, windows-amd64)
GC Precious Log:
 CPUs: 8 total, 8 available
 Memory: 16126M
 Large Page Support: Disabled
 NUMA Support: Disabled
 Compressed Oops: Enabled (32-bit)
 Heap Region Size: 1M
 Heap Min Capacity: 8M
 Heap Initial Capacity: 252M
 Heap Max Capacity: 2G
 Pre-touch: Disabled
 Parallel Workers: 8
 Concurrent Workers: 2
 Concurrent Refinement Workers: 8
 Periodic GC: Disabled
Heap:
 garbage-first heap   total 350208K, used 264244K [0x0000000080000000, 0x0000000100000000)
  region size 1024K, 71 young (72704K), 9 survivors (9216K)
 Metaspace       used 192899K, committed 193792K, reserved 1220608K
  class space    used 24448K, committed 24896K, reserved 1048576K
GC Heap History (20 events):
Event: 157.098 GC heap before
{Heap before GC invocations=80 (full 0):
 garbage-first heap   total 301056K, used 252764K [0x0000000080000000, 0x0000000100000000)
  region size 1024K, 58 young (59392K), 6 survivors (6144K)
 Metaspace       used 170114K, committed 171008K, reserved 1204224K
  class space    used 21777K, committed 22208K, reserved 1048576K
}
Event: 157.107 GC heap after
{Heap after GC invocations=81 (full 0):
 garbage-first heap   total 301056K, used 204363K [0x0000000080000000, 0x0000000100000000)
  region size 1024K, 5 young (5120K), 5 survivors (5120K)
 Metaspace       used 170114K, committed 171008K, reserved 1204224K
  class space    used 21777K, committed 22208K, reserved 1048576K
}
Event: 157.510 GC heap before
{Heap before GC invocations=81 (full 0):
 garbage-first heap   total 301056K, used 255563K [0x0000000080000000, 0x0000000100000000)
  region size 1024K, 55 young (56320K), 5 survivors (5120K)
 Metaspace       used 170801K, committed 171648K, reserved 1204224K
  class space    used 21853K, committed 22272K, reserved 1048576K
}
Event: 157.523 GC heap after
{Heap after GC invocations=82 (full 0):
 garbage-first heap   total 301056K, used 212242K [0x0000000080000000, 0x0000000100000000)
  region size 1024K, 7 young (7168K), 7 survivors (7168K)
 Metaspace       used 170801K, committed 171648K, reserved 1204224K
  class space    used 21853K, committed 22272K, reserved 1048576K
}
Event: 158.071 GC heap before
{Heap before GC invocations=82 (full 0):
 garbage-first heap   total 301056K, used 250130K [0x0000000080000000, 0x0000000100000000)
  region size 1024K, 45 young (46080K), 7 survivors (7168K)
 Metaspace       used 176641K, committed 177536K, reserved 1204224K
  class space    used 22588K, committed 23040K, reserved 1048576K
}
Event: 158.081 GC heap after
{Heap after GC invocations=83 (full 0):
 garbage-first heap   total 301056K, used 217550K [0x0000000080000000, 0x0000000100000000)
  region size 1024K, 5 young (5120K), 5 survivors (5120K)
 Metaspace       used 176641K, committed 177536K, reserved 1204224K
  class space    used 22588K, committed 23040K, reserved 1048576K
}
Event: 160.185 GC heap before
{Heap before GC invocations=84 (full 0):
 garbage-first heap   total 350208K, used 239054K [0x0000000080000000, 0x0000000100000000)
  region size 1024K, 39 young (39936K), 5 survivors (5120K)
 Metaspace       used 181309K, committed 182272K, reserved 1212416K
  class space    used 23285K, committed 23744K, reserved 1048576K
}
Event: 160.192 GC heap after
{Heap after GC invocations=85 (full 0):
 garbage-first heap   total 350208K, used 208276K [0x0000000080000000, 0x0000000100000000)
  region size 1024K, 4 young (4096K), 4 survivors (4096K)
 Metaspace       used 181309K, committed 182272K, reserved 1212416K
  class space    used 23285K, committed 23744K, reserved 1048576K
}
Event: 160.498 GC heap before
{Heap before GC invocations=85 (full 0):
 garbage-first heap   total 350208K, used 220564K [0x0000000080000000, 0x0000000100000000)
  region size 1024K, 17 young (17408K), 4 survivors (4096K)
 Metaspace       used 181430K, committed 182336K, reserved 1212416K
  class space    used 23290K, committed 23744K, reserved 1048576K
}
Event: 160.504 GC heap after
{Heap after GC invocations=86 (full 0):
 garbage-first heap   total 350208K, used 173982K [0x0000000080000000, 0x0000000100000000)
  region size 1024K, 1 young (1024K), 1 survivors (1024K)
 Metaspace       used 181430K, committed 182336K, reserved 1212416K
  class space    used 23290K, committed 23744K, reserved 1048576K
}
Event: 160.886 GC heap before
{Heap before GC invocations=86 (full 0):
 garbage-first heap   total 350208K, used 189342K [0x0000000080000000, 0x0000000100000000)
  region size 1024K, 17 young (17408K), 1 survivors (1024K)
 Metaspace       used 181487K, committed 182400K, reserved 1212416K
  class space    used 23291K, committed 23744K, reserved 1048576K
}
Event: 160.894 GC heap after
{Heap after GC invocations=87 (full 0):
 garbage-first heap   total 350208K, used 157397K [0x0000000080000000, 0x0000000100000000)
  region size 1024K, 1 young (1024K), 1 survivors (1024K)
 Metaspace       used 181487K, committed 182400K, reserved 1212416K
  class space    used 23291K, committed 23744K, reserved 1048576K
}
Event: 163.125 GC heap before
{Heap before GC invocations=87 (full 0):
 garbage-first heap   total 350208K, used 287445K [0x0000000080000000, 0x0000000100000000)
  region size 1024K, 120 young (122880K), 1 survivors (1024K)
 Metaspace       used 184659K, committed 185664K, reserved 1212416K
  class space    used 23630K, committed 24128K, reserved 1048576K
}
Event: 163.143 GC heap after
{Heap after GC invocations=88 (full 0):
 garbage-first heap   total 350208K, used 183799K [0x0000000080000000, 0x0000000100000000)
  region size 1024K, 15 young (15360K), 15 survivors (15360K)
 Metaspace       used 184659K, committed 185664K, reserved 1212416K
  class space    used 23630K, committed 24128K, reserved 1048576K
}
Event: 165.042 GC heap before
{Heap before GC invocations=89 (full 0):
 garbage-first heap   total 350208K, used 297463K [0x0000000080000000, 0x0000000100000000)
  region size 1024K, 102 young (104448K), 15 survivors (15360K)
 Metaspace       used 188254K, committed 189248K, reserved 1220608K
  class space    used 24058K, committed 24512K, reserved 1048576K
}
Event: 165.061 GC heap after
{Heap after GC invocations=90 (full 0):
 garbage-first heap   total 350208K, used 194975K [0x0000000080000000, 0x0000000100000000)
  region size 1024K, 10 young (10240K), 10 survivors (10240K)
 Metaspace       used 188254K, committed 189248K, reserved 1220608K
  class space    used 24058K, committed 24512K, reserved 1048576K
}
Event: 165.078 GC heap before
{Heap before GC invocations=90 (full 0):
 garbage-first heap   total 350208K, used 202143K [0x0000000080000000, 0x0000000100000000)
  region size 1024K, 17 young (17408K), 10 survivors (10240K)
 Metaspace       used 188280K, committed 189248K, reserved 1220608K
  class space    used 24063K, committed 24512K, reserved 1048576K
}
Event: 165.092 GC heap after
{Heap after GC invocations=91 (full 0):
 garbage-first heap   total 350208K, used 194102K [0x0000000080000000, 0x0000000100000000)
  region size 1024K, 3 young (3072K), 3 survivors (3072K)
 Metaspace       used 188280K, committed 189248K, reserved 1220608K
  class space    used 24063K, committed 24512K, reserved 1048576K
}
Event: 165.825 GC heap before
{Heap before GC invocations=91 (full 0):
 garbage-first heap   total 350208K, used 274998K [0x0000000080000000, 0x0000000100000000)
  region size 1024K, 83 young (84992K), 3 survivors (3072K)
 Metaspace       used 191784K, committed 192704K, reserved 1220608K
  class space    used 24348K, committed 24768K, reserved 1048576K
}
Event: 165.833 GC heap after
{Heap after GC invocations=92 (full 0):
 garbage-first heap   total 350208K, used 200756K [0x0000000080000000, 0x0000000100000000)
  region size 1024K, 9 young (9216K), 9 survivors (9216K)
 Metaspace       used 191784K, committed 192704K, reserved 1220608K
  class space    used 24348K, committed 24768K, reserved 1048576K
}

