# JRE version: OpenJDK Runtime Environment (17.0.6) (build 17.0.6+0-b2043.56-10027231)
# Java VM: OpenJDK 64-Bit Server VM (17.0.6+0-b2043.56-10027231, mixed mode, tiered, compressed oops, compressed class ptrs, g1 gc, windows-amd64)
GC Precious Log:
 CPUs: 8 total, 8 available
 Memory: 16126M
 Large Page Support: Disabled
 NUMA Support: Disabled
 Compressed Oops: Enabled (32-bit)
 Heap Region Size: 1M
 Heap Min Capacity: 8M
 Heap Initial Capacity: 252M
 Heap Max Capacity: 2G
 Pre-touch: Disabled
 Parallel Workers: 8
 Concurrent Workers: 2
 Concurrent Refinement Workers: 8
 Periodic GC: Disabled
Heap:
 garbage-first heap   total 393216K, used 299885K [0x0000000080000000, 0x0000000100000000)
  region size 1024K, 133 young (136192K), 16 survivors (16384K)
 Metaspace       used 167952K, committed 168832K, reserved 1196032K
  class space    used 21800K, committed 22208K, reserved 1048576K
GC Heap History (20 events):
Event: 12.578 GC heap before
{Heap before GC invocations=43 (full 0):
 garbage-first heap   total 177152K, used 145953K [0x0000000080000000, 0x0000000100000000)
  region size 1024K, 46 young (47104K), 5 survivors (5120K)
 Metaspace       used 111690K, committed 112320K, reserved 1146880K
  class space    used 14700K, committed 14976K, reserved 1048576K
}
Event: 12.586 GC heap after
{Heap after GC invocations=44 (full 0):
 garbage-first heap   total 177152K, used 107559K [0x0000000080000000, 0x0000000100000000)
  region size 1024K, 4 young (4096K), 4 survivors (4096K)
 Metaspace       used 111690K, committed 112320K, reserved 1146880K
  class space    used 14700K, committed 14976K, reserved 1048576K
}
Event: 13.121 GC heap before
{Heap before GC invocations=44 (full 0):
 garbage-first heap   total 177152K, used 146471K [0x0000000080000000, 0x0000000100000000)
  region size 1024K, 42 young (43008K), 4 survivors (4096K)
 Metaspace       used 116632K, committed 117312K, reserved 1155072K
  class space    used 15242K, committed 15552K, reserved 1048576K
}
Event: 13.126 GC heap after
{Heap after GC invocations=45 (full 0):
 garbage-first heap   total 177152K, used 110776K [0x0000000080000000, 0x0000000100000000)
  region size 1024K, 3 young (3072K), 3 survivors (3072K)
 Metaspace       used 116632K, committed 117312K, reserved 1155072K
  class space    used 15242K, committed 15552K, reserved 1048576K
}
Event: 13.785 GC heap before
{Heap before GC invocations=46 (full 0):
 garbage-first heap   total 196608K, used 147640K [0x0000000080000000, 0x0000000100000000)
  region size 1024K, 39 young (39936K), 3 survivors (3072K)
 Metaspace       used 122077K, committed 122688K, reserved 1163264K
  class space    used 15917K, committed 16192K, reserved 1048576K
}
Event: 13.789 GC heap after
{Heap after GC invocations=47 (full 0):
 garbage-first heap   total 196608K, used 112240K [0x0000000080000000, 0x0000000100000000)
  region size 1024K, 5 young (5120K), 5 survivors (5120K)
 Metaspace       used 122077K, committed 122688K, reserved 1163264K
  class space    used 15917K, committed 16192K, reserved 1048576K
}
Event: 13.847 GC heap before
{Heap before GC invocations=47 (full 0):
 garbage-first heap   total 196608K, used 116336K [0x0000000080000000, 0x0000000100000000)
  region size 1024K, 9 young (9216K), 5 survivors (5120K)
 Metaspace       used 122947K, committed 123584K, reserved 1163264K
  class space    used 16009K, committed 16320K, reserved 1048576K
}
Event: 13.851 GC heap after
{Heap after GC invocations=48 (full 0):
 garbage-first heap   total 196608K, used 112190K [0x0000000080000000, 0x0000000100000000)
  region size 1024K, 1 young (1024K), 1 survivors (1024K)
 Metaspace       used 122947K, committed 123584K, reserved 1163264K
  class space    used 16009K, committed 16320K, reserved 1048576K
}
Event: 14.587 GC heap before
{Heap before GC invocations=48 (full 0):
 garbage-first heap   total 196608K, used 164414K [0x0000000080000000, 0x0000000100000000)
  region size 1024K, 52 young (53248K), 1 survivors (1024K)
 Metaspace       used 130309K, committed 130944K, reserved 1163264K
  class space    used 16821K, committed 17088K, reserved 1048576K
}
Event: 14.593 GC heap after
{Heap after GC invocations=49 (full 0):
 garbage-first heap   total 393216K, used 115154K [0x0000000080000000, 0x0000000100000000)
  region size 1024K, 4 young (4096K), 4 survivors (4096K)
 Metaspace       used 130309K, committed 130944K, reserved 1163264K
  class space    used 16821K, committed 17088K, reserved 1048576K
}
Event: 17.370 GC heap before
{Heap before GC invocations=49 (full 0):
 garbage-first heap   total 393216K, used 296402K [0x0000000080000000, 0x0000000100000000)
  region size 1024K, 182 young (186368K), 4 survivors (4096K)
 Metaspace       used 144483K, committed 145216K, reserved 1179648K
  class space    used 19067K, committed 19392K, reserved 1048576K
}
Event: 17.390 GC heap after
{Heap after GC invocations=50 (full 0):
 garbage-first heap   total 393216K, used 124456K [0x0000000080000000, 0x0000000100000000)
  region size 1024K, 19 young (19456K), 19 survivors (19456K)
 Metaspace       used 144483K, committed 145216K, reserved 1179648K
  class space    used 19067K, committed 19392K, reserved 1048576K
}
Event: 20.134 GC heap before
{Heap before GC invocations=50 (full 0):
 garbage-first heap   total 393216K, used 306728K [0x0000000080000000, 0x0000000100000000)
  region size 1024K, 188 young (192512K), 19 survivors (19456K)
 Metaspace       used 150639K, committed 151424K, reserved 1187840K
  class space    used 19846K, committed 20224K, reserved 1048576K
}
Event: 20.164 GC heap after
{Heap after GC invocations=51 (full 0):
 garbage-first heap   total 393216K, used 154559K [0x0000000080000000, 0x0000000100000000)
  region size 1024K, 24 young (24576K), 24 survivors (24576K)
 Metaspace       used 150639K, committed 151424K, reserved 1187840K
  class space    used 19846K, committed 20224K, reserved 1048576K
}
Event: 22.395 GC heap before
{Heap before GC invocations=51 (full 0):
 garbage-first heap   total 393216K, used 322495K [0x0000000080000000, 0x0000000100000000)
  region size 1024K, 164 young (167936K), 24 survivors (24576K)
 Metaspace       used 157368K, committed 158144K, reserved 1187840K
  class space    used 20540K, committed 20928K, reserved 1048576K
}
Event: 22.419 GC heap after
{Heap after GC invocations=52 (full 0):
 garbage-first heap   total 393216K, used 172544K [0x0000000080000000, 0x0000000100000000)
  region size 1024K, 17 young (17408K), 17 survivors (17408K)
 Metaspace       used 157368K, committed 158144K, reserved 1187840K
  class space    used 20540K, committed 20928K, reserved 1048576K
}
Event: 23.475 GC heap before
{Heap before GC invocations=52 (full 0):
 garbage-first heap   total 393216K, used 305664K [0x0000000080000000, 0x0000000100000000)
  region size 1024K, 148 young (151552K), 17 survivors (17408K)
 Metaspace       used 160064K, committed 160896K, reserved 1196032K
  class space    used 20791K, committed 21184K, reserved 1048576K
}
Event: 23.486 GC heap after
{Heap after GC invocations=53 (full 0):
 garbage-first heap   total 393216K, used 167936K [0x0000000080000000, 0x0000000100000000)
  region size 1024K, 4 young (4096K), 4 survivors (4096K)
 Metaspace       used 160064K, committed 160896K, reserved 1196032K
  class space    used 20791K, committed 21184K, reserved 1048576K
}
Event: 24.959 GC heap before
{Heap before GC invocations=53 (full 0):
 garbage-first heap   total 393216K, used 312320K [0x0000000080000000, 0x0000000100000000)
  region size 1024K, 146 young (149504K), 4 survivors (4096K)
 Metaspace       used 163924K, committed 164800K, reserved 1196032K
  class space    used 21282K, committed 21696K, reserved 1048576K
}
Event: 24.973 GC heap after
{Heap after GC invocations=54 (full 0):
 garbage-first heap   total 393216K, used 180077K [0x0000000080000000, 0x0000000100000000)
  region size 1024K, 16 young (16384K), 16 survivors (16384K)
 Metaspace       used 163924K, committed 164800K, reserved 1196032K
  class space    used 21282K, committed 21696K, reserved 1048576K
}

