# JRE version: OpenJDK Runtime Environment (17.0.6) (build 17.0.6+0-b2043.56-10027231)
# Java VM: OpenJDK 64-Bit Server VM (17.0.6+0-b2043.56-10027231, mixed mode, tiered, compressed oops, compressed class ptrs, g1 gc, windows-amd64)
GC Precious Log:
 CPUs: 8 total, 8 available
 Memory: 16126M
 Large Page Support: Disabled
 NUMA Support: Disabled
 Compressed Oops: Enabled (32-bit)
 Heap Region Size: 1M
 Heap Min Capacity: 8M
 Heap Initial Capacity: 252M
 Heap Max Capacity: 2G
 Pre-touch: Disabled
 Parallel Workers: 8
 Concurrent Workers: 2
 Concurrent Refinement Workers: 8
 Periodic GC: Disabled
Heap:
 garbage-first heap   total 392192K, used 119050K [0x0000000080000000, 0x0000000100000000)
  region size 1024K, 2 young (2048K), 2 survivors (2048K)
 Metaspace       used 162822K, committed 164864K, reserved 1196032K
  class space    used 21818K, committed 22656K, reserved 1048576K
GC Heap History (20 events):
Event: 9513.866 GC heap after
{Heap after GC invocations=83 (full 0):
 garbage-first heap   total 392192K, used 122542K [0x0000000080000000, 0x0000000100000000)
  region size 1024K, 1 young (1024K), 1 survivors (1024K)
 Metaspace       used 152145K, committed 153472K, reserved 1187840K
  class space    used 20184K, committed 20800K, reserved 1048576K
}
Event: 11326.770 GC heap before
{Heap before GC invocations=83 (full 0):
 garbage-first heap   total 392192K, used 306862K [0x0000000080000000, 0x0000000100000000)
  region size 1024K, 182 young (186368K), 1 survivors (1024K)
 Metaspace       used 162285K, committed 163712K, reserved 1196032K
  class space    used 22004K, committed 22656K, reserved 1048576K
}
Event: 11326.776 GC heap after
{Heap after GC invocations=84 (full 0):
 garbage-first heap   total 392192K, used 127950K [0x0000000080000000, 0x0000000100000000)
  region size 1024K, 7 young (7168K), 7 survivors (7168K)
 Metaspace       used 162285K, committed 163712K, reserved 1196032K
  class space    used 22004K, committed 22656K, reserved 1048576K
}
Event: 11462.730 GC heap before
{Heap before GC invocations=85 (full 0):
 garbage-first heap   total 392192K, used 313294K [0x0000000080000000, 0x0000000100000000)
  region size 1024K, 187 young (191488K), 7 survivors (7168K)
 Metaspace       used 163774K, committed 165120K, reserved 1196032K
  class space    used 22069K, committed 22720K, reserved 1048576K
}
Event: 11462.747 GC heap after
{Heap after GC invocations=86 (full 0):
 garbage-first heap   total 392192K, used 133758K [0x0000000080000000, 0x0000000100000000)
  region size 1024K, 11 young (11264K), 11 survivors (11264K)
 Metaspace       used 163774K, committed 165120K, reserved 1196032K
  class space    used 22069K, committed 22720K, reserved 1048576K
}
Event: 11462.789 GC heap before
{Heap before GC invocations=86 (full 0):
 garbage-first heap   total 392192K, used 145022K [0x0000000080000000, 0x0000000100000000)
  region size 1024K, 19 young (19456K), 11 survivors (11264K)
 Metaspace       used 163782K, committed 165184K, reserved 1196032K
  class space    used 22069K, committed 22720K, reserved 1048576K
}
Event: 11462.803 GC heap after
{Heap after GC invocations=87 (full 0):
 garbage-first heap   total 392192K, used 135018K [0x0000000080000000, 0x0000000100000000)
  region size 1024K, 2 young (2048K), 2 survivors (2048K)
 Metaspace       used 163782K, committed 165184K, reserved 1196032K
  class space    used 22069K, committed 22720K, reserved 1048576K
}
Event: 11462.859 GC heap before
{Heap before GC invocations=87 (full 0):
 garbage-first heap   total 392192K, used 164714K [0x0000000080000000, 0x0000000100000000)
  region size 1024K, 33 young (33792K), 2 survivors (2048K)
 Metaspace       used 163791K, committed 165184K, reserved 1196032K
  class space    used 22069K, committed 22720K, reserved 1048576K
}
Event: 11462.862 GC heap after
{Heap after GC invocations=88 (full 0):
 garbage-first heap   total 392192K, used 131207K [0x0000000080000000, 0x0000000100000000)
  region size 1024K, 1 young (1024K), 1 survivors (1024K)
 Metaspace       used 163791K, committed 165184K, reserved 1196032K
  class space    used 22069K, committed 22720K, reserved 1048576K
}
Event: 11463.227 GC heap before
{Heap before GC invocations=89 (full 0):
 garbage-first heap   total 392192K, used 325767K [0x0000000080000000, 0x0000000100000000)
  region size 1024K, 189 young (193536K), 1 survivors (1024K)
 Metaspace       used 162809K, committed 164864K, reserved 1196032K
  class space    used 21818K, committed 22656K, reserved 1048576K
}
Event: 11463.231 GC heap after
{Heap after GC invocations=90 (full 0):
 garbage-first heap   total 392192K, used 135824K [0x0000000080000000, 0x0000000100000000)
  region size 1024K, 3 young (3072K), 3 survivors (3072K)
 Metaspace       used 162809K, committed 164864K, reserved 1196032K
  class space    used 21818K, committed 22656K, reserved 1048576K
}
Event: 11463.256 GC heap before
{Heap before GC invocations=90 (full 0):
 garbage-first heap   total 392192K, used 151184K [0x0000000080000000, 0x0000000100000000)
  region size 1024K, 19 young (19456K), 3 survivors (3072K)
 Metaspace       used 162809K, committed 164864K, reserved 1196032K
  class space    used 21818K, committed 22656K, reserved 1048576K
}
Event: 11463.269 GC heap after
{Heap after GC invocations=91 (full 0):
 garbage-first heap   total 392192K, used 119053K [0x0000000080000000, 0x0000000100000000)
  region size 1024K, 1 young (1024K), 1 survivors (1024K)
 Metaspace       used 162809K, committed 164864K, reserved 1196032K
  class space    used 21818K, committed 22656K, reserved 1048576K
}
Event: 11463.809 GC heap before
{Heap before GC invocations=91 (full 0):
 garbage-first heap   total 392192K, used 322829K [0x0000000080000000, 0x0000000100000000)
  region size 1024K, 201 young (205824K), 1 survivors (1024K)
 Metaspace       used 162816K, committed 164864K, reserved 1196032K
  class space    used 21818K, committed 22656K, reserved 1048576K
}
Event: 11463.812 GC heap after
{Heap after GC invocations=92 (full 0):
 garbage-first heap   total 392192K, used 119992K [0x0000000080000000, 0x0000000100000000)
  region size 1024K, 2 young (2048K), 2 survivors (2048K)
 Metaspace       used 162816K, committed 164864K, reserved 1196032K
  class space    used 21818K, committed 22656K, reserved 1048576K
}
Event: 11464.540 GC heap before
{Heap before GC invocations=93 (full 0):
 garbage-first heap   total 392192K, used 331960K [0x0000000080000000, 0x0000000100000000)
  region size 1024K, 209 young (214016K), 2 survivors (2048K)
 Metaspace       used 162821K, committed 164864K, reserved 1196032K
  class space    used 21818K, committed 22656K, reserved 1048576K
}
Event: 11464.544 GC heap after
{Heap after GC invocations=94 (full 0):
 garbage-first heap   total 392192K, used 121435K [0x0000000080000000, 0x0000000100000000)
  region size 1024K, 3 young (3072K), 3 survivors (3072K)
 Metaspace       used 162821K, committed 164864K, reserved 1196032K
  class space    used 21818K, committed 22656K, reserved 1048576K
}
Event: 11464.584 GC heap before
{Heap before GC invocations=94 (full 0):
 garbage-first heap   total 392192K, used 136795K [0x0000000080000000, 0x0000000100000000)
  region size 1024K, 19 young (19456K), 3 survivors (3072K)
 Metaspace       used 162821K, committed 164864K, reserved 1196032K
  class space    used 21818K, committed 22656K, reserved 1048576K
}
Event: 11464.593 GC heap after
{Heap after GC invocations=95 (full 0):
 garbage-first heap   total 392192K, used 118710K [0x0000000080000000, 0x0000000100000000)
  region size 1024K, 1 young (1024K), 1 survivors (1024K)
 Metaspace       used 162821K, committed 164864K, reserved 1196032K
  class space    used 21818K, committed 22656K, reserved 1048576K
}
Event: 11465.350 GC heap before
{Heap before GC invocations=95 (full 0):
 garbage-first heap   total 392192K, used 333750K [0x0000000080000000, 0x0000000100000000)
  region size 1024K, 212 young (217088K), 1 survivors (1024K)
 Metaspace       used 162822K, committed 164864K, reserved 1196032K
  class space    used 21818K, committed 22656K, reserved 1048576K
}

